[0.009s] Invoking command in '/home/zoupeng/teamclimber_workspace/build/teamclimber_challenge': CMAKE_PREFIX_PATH=${CMAKE_PREFIX_PATH}:/opt/ros/humble /usr/bin/cmake --build /home/zoupeng/teamclimber_workspace/build/teamclimber_challenge -- -j32 -l32
[0.055s] [35m[1mConsolidate compiler generated dependencies of target vision_node[0m
[0.078s] [ 16%] [32mBuilding CXX object CMakeFiles/vision_node.dir/src/vision_node.cpp.o[0m
[0.079s] [ 33%] [32mBuilding CXX object CMakeFiles/vision_node.dir/src/image_deal.cpp.o[0m
[2.022s] In file included from [01m[K/home/zoupeng/teamclimber_workspace/src/teamclimber_challenge/src/vision_node.cpp:16[m[K:
[2.022s] [01m[K/home/zoupeng/teamclimber_workspace/src/teamclimber_challenge/include/image_deal.h:69:30:[m[K [01;31m[Kerror: [m[Kexpected identifier before numeric constant
[2.022s]    69 |   cv::Scalar sphere_red_low1([01;31m[K0[m[K, 120, 70);
[2.022s]       |                              [01;31m[K^[m[K
[2.022s] [01m[K/home/zoupeng/teamclimber_workspace/src/teamclimber_challenge/include/image_deal.h:69:30:[m[K [01;31m[Kerror: [m[Kexpected â€˜[01m[K,[m[Kâ€™ or â€˜[01m[K...[m[Kâ€™ before numeric constant
[2.022s] [01m[K/home/zoupeng/teamclimber_workspace/src/teamclimber_challenge/include/image_deal.h:71:30:[m[K [01;31m[Kerror: [m[Kexpected identifier before numeric constant
[2.022s]    71 |   cv::Scalar sphere_red_low2([01;31m[K170[m[K, 120, 70);
[2.022s]       |                              [01;31m[K^~~[m[K
[2.022s] [01m[K/home/zoupeng/teamclimber_workspace/src/teamclimber_challenge/include/image_deal.h:71:30:[m[K [01;31m[Kerror: [m[Kexpected â€˜[01m[K,[m[Kâ€™ or â€˜[01m[K...[m[Kâ€™ before numeric constant
[2.022s] [01m[K/home/zoupeng/teamclimber_workspace/src/teamclimber_challenge/include/image_deal.h:72:31:[m[K [01;31m[Kerror: [m[Kexpected identifier before numeric constant
[2.022s]    72 |   cv::Scalar sphere_red_high2([01;31m[K180[m[K, 255, 255);
[2.022s]       |                               [01;31m[K^~~[m[K
[2.022s] [01m[K/home/zoupeng/teamclimber_workspace/src/teamclimber_challenge/include/image_deal.h:72:31:[m[K [01;31m[Kerror: [m[Kexpected â€˜[01m[K,[m[Kâ€™ or â€˜[01m[K...[m[Kâ€™ before numeric constant
[2.029s] In file included from [01m[K/home/zoupeng/teamclimber_workspace/src/teamclimber_challenge/src/image_deal.cpp:1[m[K:
[2.029s] [01m[K/home/zoupeng/teamclimber_workspace/src/teamclimber_challenge/include/image_deal.h:69:30:[m[K [01;31m[Kerror: [m[Kexpected identifier before numeric constant
[2.029s]    69 |   cv::Scalar sphere_red_low1([01;31m[K0[m[K, 120, 70);
[2.029s]       |                              [01;31m[K^[m[K
[2.029s] [01m[K/home/zoupeng/teamclimber_workspace/src/teamclimber_challenge/include/image_deal.h:69:30:[m[K [01;31m[Kerror: [m[Kexpected â€˜[01m[K,[m[Kâ€™ or â€˜[01m[K...[m[Kâ€™ before numeric constant
[2.029s] [01m[K/home/zoupeng/teamclimber_workspace/src/teamclimber_challenge/include/image_deal.h:71:30:[m[K [01;31m[Kerror: [m[Kexpected identifier before numeric constant
[2.029s]    71 |   cv::Scalar sphere_red_low2([01;31m[K170[m[K, 120, 70);
[2.029s]       |                              [01;31m[K^~~[m[K
[2.029s] [01m[K/home/zoupeng/teamclimber_workspace/src/teamclimber_challenge/include/image_deal.h:71:30:[m[K [01;31m[Kerror: [m[Kexpected â€˜[01m[K,[m[Kâ€™ or â€˜[01m[K...[m[Kâ€™ before numeric constant
[2.029s] [01m[K/home/zoupeng/teamclimber_workspace/src/teamclimber_challenge/include/image_deal.h:72:31:[m[K [01;31m[Kerror: [m[Kexpected identifier before numeric constant
[2.029s]    72 |   cv::Scalar sphere_red_high2([01;31m[K180[m[K, 255, 255);
[2.029s]       |                               [01;31m[K^~~[m[K
[2.029s] [01m[K/home/zoupeng/teamclimber_workspace/src/teamclimber_challenge/include/image_deal.h:72:31:[m[K [01;31m[Kerror: [m[Kexpected â€˜[01m[K,[m[Kâ€™ or â€˜[01m[K...[m[Kâ€™ before numeric constant
[2.044s] [01m[K/home/zoupeng/teamclimber_workspace/src/teamclimber_challenge/src/image_deal.cpp:[m[K In member function â€˜[01m[Kvoid vision_node::callback_camera(sensor_msgs::msg::Image_<std::allocator<void> >::SharedPtr)[m[Kâ€™:
[2.044s] [01m[K/home/zoupeng/teamclimber_workspace/src/teamclimber_challenge/src/image_deal.cpp:68:30:[m[K [01;31m[Kerror: [m[Kinvalid use of non-static member function â€˜[01m[Kcv::Scalar vision_node::sphere_red_low1(int)[m[Kâ€™
[2.044s]    68 |     mask1 = cv::inRange(hsv, [01;31m[Ksphere_red_low1[m[K, sphere_red_high1, mask1);
[2.044s]       |                              [01;31m[K^~~~~~~~~~~~~~~[m[K
[2.044s] In file included from [01m[K/home/zoupeng/teamclimber_workspace/src/teamclimber_challenge/src/image_deal.cpp:1[m[K:
[2.044s] [01m[K/home/zoupeng/teamclimber_workspace/src/teamclimber_challenge/include/image_deal.h:69:14:[m[K [01;36m[Knote: [m[Kdeclared here
[2.044s]    69 |   cv::Scalar [01;36m[Ksphere_red_low1[m[K(0, 120, 70);
[2.044s]       |              [01;36m[K^~~~~~~~~~~~~~~[m[K
[2.044s] [01m[K/home/zoupeng/teamclimber_workspace/src/teamclimber_challenge/src/image_deal.cpp:69:30:[m[K [01;31m[Kerror: [m[Kinvalid use of non-static member function â€˜[01m[Kcv::Scalar vision_node::sphere_red_low2(int)[m[Kâ€™
[2.044s]    69 |     mask2 = cv::inRange(hsv, [01;31m[Ksphere_red_low2[m[K, sphere_red_high2, mask2);
[2.044s]       |                              [01;31m[K^~~~~~~~~~~~~~~[m[K
[2.044s] In file included from [01m[K/home/zoupeng/teamclimber_workspace/src/teamclimber_challenge/src/image_deal.cpp:1[m[K:
[2.044s] [01m[K/home/zoupeng/teamclimber_workspace/src/teamclimber_challenge/include/image_deal.h:71:14:[m[K [01;36m[Knote: [m[Kdeclared here
[2.044s]    71 |   cv::Scalar [01;36m[Ksphere_red_low2[m[K(170, 120, 70);
[2.044s]       |              [01;36m[K^~~~~~~~~~~~~~~[m[K
[3.239s] gmake[2]: *** [CMakeFiles/vision_node.dir/build.make:537ï¼šCMakeFiles/vision_node.dir/src/vision_node.cpp.o] é”™è¯¯ 1
[3.239s] gmake[2]: *** æ­£åœ¨ç­‰å¾…æœªå®Œæˆçš„ä»»åŠ¡....
[3.244s] gmake[2]: *** [CMakeFiles/vision_node.dir/build.make:551ï¼šCMakeFiles/vision_node.dir/src/image_deal.cpp.o] é”™è¯¯ 1
[3.244s] gmake[1]: *** [CMakeFiles/Makefile2:137ï¼šCMakeFiles/vision_node.dir/all] é”™è¯¯ 2
[3.244s] gmake: *** [Makefile:146ï¼šall] é”™è¯¯ 2
[3.246s] Invoked command in '/home/zoupeng/teamclimber_workspace/build/teamclimber_challenge' returned '2': CMAKE_PREFIX_PATH=${CMAKE_PREFIX_PATH}:/opt/ros/humble /usr/bin/cmake --build /home/zoupeng/teamclimber_workspace/build/teamclimber_challenge -- -j32 -l32
